     1                                  ; hello-os
     2                                  ; TAB=4
     3                                  
     4                                      ORG 0x7c00 ;プログラムが読み込まれる位置
     5                                  
     6                                  ; 以下は標準的なFAT12フォーマットフロッピーディスクのための記述
     7 00000000 EB4E                        JMP entry
     8 00000002 90                          DB 0x90
     9 00000003 48454C4C4F49504C            DB "HELLOIPL"    ; ブートセクタの名前を自由に書いてよい（8バイト）
    10 0000000B 0002                        DW 512           ; 1セクタの大きさ（512にしなければいけない）
    11 0000000D 01                          DB 1             ; クラスタの大きさ（1セクタにしなければいけない）
    12 0000000E 0100                        DW 1             ; FATがどこから始まるか（普通は1セクタ目からにする）
    13 00000010 02                          DB 2             ; FATの個数（2にしなければいけない）
    14 00000011 E000                        DW 224           ; ルートディレクトリ領域の大きさ（普通は224エントリにする）
    15 00000013 400B                        DW 2880          ; このドライブの大きさ（2880セクタにしなければいけない）
    16 00000015 F0                          DB 0xf0          ; メディアのタイプ（0xf0にしなければいけない）
    17 00000016 0900                        DW 9             ; FAT領域の長さ（9セクタにしなければいけない）
    18 00000018 1200                        DW 18            ; 1トラックにいくつのセクタがあるか（18にしなければいけない）
    19 0000001A 0200                        DW 2             ; ヘッドの数（2にしなければいけない）
    20 0000001C 00000000                    DD 0             ; パーティションを使ってないのでここは必ず0
    21 00000020 400B0000                    DD 2880          ; このドライブ大きさをもう一度書く
    22 00000024 000029                      DB 0,0,0x29      ; よくわからないけどこの値にしておくといいらしい
    23 00000027 FFFFFFFF                    DD 0xffffffff    ; たぶんボリュームシリアル番号
    24 0000002B 48454C4C4F2D4F5320-         DB "HELLO-OS   " ; ディスクの名前（11バイト）
    24 00000034 2020               
    25 00000036 4641543132202020            DB "FAT12   "    ; フォーマットの名前（8バイト）
    26 0000003E <res 00000012>              RESB 18          ; とりあえず18バイトあけておく
    26          ******************       warning: uninitialized space declared in .text section: zeroing [-w+other]
    27                                  
    28                                  
    29                                  ; プログラム本体
    30                                  
    31                                  entry:
    32 00000050 B80000                      MOV AX,0 ; レジスタ初期化
    33 00000053 8ED0                        MOV SS,AX
    34 00000055 BC007C                      MOV SP,0x7c00
    35 00000058 8ED8                        MOV DS,AX
    36 0000005A 8EC0                        MOV ES,AX
    37                                  
    38 0000005C BE[7400]                    MOV SI,msg
    39                                  
    40                                  putloop:
    41 0000005F 8A04                        MOV AL,[SI]
    42 00000061 83C601                      ADD SI,1 ; SIに1を足す
    43 00000064 3C00                        CMP AL,0
    44 00000066 7409                        JE fin
    45 00000068 B40E                        MOV AH,0x0e ; 一文字表示ファンクション
    46 0000006A BB0F00                      MOV BX,15 ; カラーコード
    47 0000006D CD10                        INT	0x10 ; ビデオBIOS呼び出し
    48 0000006F EBEE                        JMP putloop
    49                                  
    50                                  fin:
    51 00000071 F4                          HLT ; 何かあるまでCPUを停止させる
    52 00000072 EBFD                        JMP fin ; 無限ループ
    53                                  
    54                                  
    55                                  ; メッセージ部分
    56                                  msg:
    57 00000074 0A0A                        DB 0x0a, 0x0a ; 改行を2つ
    58 00000076 68656C6C6F2C20776F-         DB "hello, world"
    58 0000007F 726C64             
    59 00000082 0A                          DB 0x0a ; 改行
    60 00000083 546869732069732067-         DB "This is goaxos v.e451671a"
    60 0000008C 6F61786F7320762E65-
    60 00000095 34353136373161     
    61 0000009C 0A                          DB 0x0a ; 改行
    62 0000009D 00                          DB 0
    63                                  
    64 0000009E <res 00007D60>              RESB 0x7dfe-($-$$); 0x001feまでを0x00で埋める命令
    64          ******************       warning: uninitialized space declared in .text section: zeroing [-w+other]
    65                                  
    66 00007DFE 55AA                        DB 0x55, 0xaa
